<?xml version="1.0" encoding="UTF-8"?>
<testsuite name="JUnit Jupiter" tests="0" skipped="0" failures="0" errors="0" time="0.004" hostname="Tyler-DellG7" timestamp="2018-12-15T21:03:07">
<properties>
<property name="awt.toolkit" value="sun.awt.windows.WToolkit"/>
<property name="file.encoding" value="windows-1252"/>
<property name="file.encoding.pkg" value="sun.io"/>
<property name="file.separator" value="\"/>
<property name="java.awt.graphicsenv" value="sun.awt.Win32GraphicsEnvironment"/>
<property name="java.awt.printerjob" value="sun.awt.windows.WPrinterJob"/>
<property name="java.class.path" value="D:\tandm\Documents\Projects\NewmanRunner\postmanrunner\build\classes\java\test;D:\tandm\Documents\Projects\NewmanRunner\postmanrunner\build\classes\kotlin\test;D:\tandm\Documents\Projects\NewmanRunner\postmanrunner\build\resources\test;D:\tandm\Documents\Projects\NewmanRunner\postmanrunner\build\classes\java\main;D:\tandm\Documents\Projects\NewmanRunner\postmanrunner\build\classes\kotlin\main;D:\tandm\Documents\Projects\NewmanRunner\postmanrunner\build\resources\main;C:\Users\tandm\.gradle\caches\modules-2\files-2.1\no.tornado\tornadofx\1.7.17\680562b988010420f3a97cda69fe4e6aacfef320\tornadofx-1.7.17.jar;C:\Users\tandm\.gradle\caches\modules-2\files-2.1\org.jetbrains.kotlin\kotlin-stdlib-jdk8\1.2.71\5470d1f752cd342edb77e1062bac07e838d2cea4\kotlin-stdlib-jdk8-1.2.71.jar;C:\Users\tandm\.gradle\caches\modules-2\files-2.1\org.apache.commons\commons-lang3\3.6\9d28a6b23650e8a7e9063c04588ace6cf7012c17\commons-lang3-3.6.jar;C:\Users\tandm\.gradle\caches\modules-2\files-2.1\com.google.code.gson\gson\2.8.5\f645ed69d595b24d4cf8b3fbb64cc505bede8829\gson-2.8.5.jar;C:\Users\tandm\.gradle\caches\modules-2\files-2.1\org.jetbrains.kotlinx\kotlinx-coroutines-android\0.24.0\ee251d47c83566bd21baf97bb8f005367db72731\kotlinx-coroutines-android-0.24.0.jar;C:\Users\tandm\.gradle\caches\modules-2\files-2.1\org.junit.jupiter\junit-jupiter-engine\5.1.0\c54b96b465bb5b49c7708d734a4180dd95422754\junit-jupiter-engine-5.1.0.jar;C:\Users\tandm\.gradle\caches\modules-2\files-2.1\org.junit.jupiter\junit-jupiter-api\5.1.0\370218fbc7ce9cf0600c4b5db400bccdf0c01a48\junit-jupiter-api-5.1.0.jar;C:\Users\tandm\.gradle\caches\modules-2\files-2.1\org.jetbrains.kotlin\kotlin-reflect\1.2.60\33af8b35817e4c97a477a6a324032e0591d04f36\kotlin-reflect-1.2.60.jar;C:\Users\tandm\.gradle\caches\modules-2\files-2.1\org.jetbrains.kotlinx\kotlinx-coroutines-core\0.24.0\6c950c4d6e7ab7ba80ed14b82303fdd8d678f2ec\kotlinx-coroutines-core-0.24.0.jar;C:\Users\tandm\.gradle\caches\modules-2\files-2.1\org.jetbrains.kotlin\kotlin-stdlib-jdk7\1.2.71\4ce93f539e2133f172f1167291a911f83400a5d0\kotlin-stdlib-jdk7-1.2.71.jar;C:\Users\tandm\.gradle\caches\modules-2\files-2.1\org.jetbrains.kotlin\kotlin-stdlib\1.2.71\d9717625bb3c731561251f8dd2c67a1011d6764c\kotlin-stdlib-1.2.71.jar;C:\Users\tandm\.gradle\caches\modules-2\files-2.1\org.glassfish\javax.json\1.1.2\a507518970d55e9de24665af06d70aae91b4aaa1\javax.json-1.1.2.jar;C:\Users\tandm\.gradle\caches\modules-2\files-2.1\org.junit.platform\junit-platform-engine\1.1.0\2596bd4d909e7ea8d029272db4338075445d731b\junit-platform-engine-1.1.0.jar;C:\Users\tandm\.gradle\caches\modules-2\files-2.1\org.junit.platform\junit-platform-commons\1.1.0\d6aa21029f9cedfb4cc8a9e9efc0bd97987205b8\junit-platform-commons-1.1.0.jar;C:\Users\tandm\.gradle\caches\modules-2\files-2.1\org.apiguardian\apiguardian-api\1.0.0\3ef5276905e36f4d8055fe3cb0bdcc7503ffc85d\apiguardian-api-1.0.0.jar;C:\Users\tandm\.gradle\caches\modules-2\files-2.1\org.opentest4j\opentest4j\1.0.0\6f09c598e9ff64bf0ce2fa7e7de49a99ba83c0b4\opentest4j-1.0.0.jar;C:\Users\tandm\.gradle\caches\modules-2\files-2.1\javax.json\javax.json-api\1.1.2\b38c52a6e180359108bd5e35dbeec7d1be45c535\javax.json-api-1.1.2.jar;C:\Users\tandm\.gradle\caches\modules-2\files-2.1\org.jetbrains.kotlinx\kotlinx-coroutines-core-common\0.24.0\e3b343c9dd0bca3ca063514d8ce3d7c31b977c17\kotlinx-coroutines-core-common-0.24.0.jar;C:\Users\tandm\.gradle\caches\modules-2\files-2.1\org.jetbrains.kotlinx\atomicfu-common\0.11.0\849d71c4db7c6ecb44d848d4b4bf0f24d2688443\atomicfu-common-0.11.0.jar;C:\Users\tandm\.gradle\caches\modules-2\files-2.1\org.jetbrains.kotlin\kotlin-stdlib-common\1.2.71\ba18ca1aa0e40eb6f1865b324af2f4cbb691c1ec\kotlin-stdlib-common-1.2.71.jar;C:\Users\tandm\.gradle\caches\modules-2\files-2.1\org.jetbrains\annotations\13.0\919f0dfe192fb4e063e7dacadee7f8bb9a2672a9\annotations-13.0.jar;C:\Users\tandm\.gradle\caches\modules-2\files-2.1\org.junit.platform\junit-platform-console\1.1.0\1ea376db54ab4ec0018c5e99d414e1c7c034387\junit-platform-console-1.1.0.jar;C:\Users\tandm\.gradle\caches\modules-2\files-2.1\org.junit.platform\junit-platform-launcher\1.1.0\ba098edde4e59cacd9225e238ea3ad9c946684ab\junit-platform-launcher-1.1.0.jar"/>
<property name="java.class.version" value="52.0"/>
<property name="java.endorsed.dirs" value="D:\Java\JDK_1.8_181\jre\lib\endorsed"/>
<property name="java.ext.dirs" value="D:\Java\JDK_1.8_181\jre\lib\ext;C:\WINDOWS\Sun\Java\lib\ext"/>
<property name="java.home" value="D:\Java\JDK_1.8_181\jre"/>
<property name="java.io.tmpdir" value="C:\Users\tandm\AppData\Local\Temp\"/>
<property name="java.library.path" value="D:\Java\JDK_1.8_181\bin;C:\WINDOWS\Sun\Java\bin;C:\WINDOWS\system32;C:\WINDOWS;C:\Program Files (x86)\Common Files\Oracle\Java\javapath;C:\Windows\system32;C:\Windows;C:\Windows\System32\Wbem;C:\Windows\System32\WindowsPowerShell\v1.0\;C:\Windows\System32\OpenSSH\;C:\Program Files (x86)\NVIDIA Corporation\PhysX\Common;D:\Java\JDK_1.8_181\bin;C:\WINDOWS\system32;C:\WINDOWS;C:\WINDOWS\System32\Wbem;C:\WINDOWS\System32\WindowsPowerShell\v1.0\;C:\WINDOWS\System32\OpenSSH\;C:\Program Files\Git\cmd;C:\Program Files\NVIDIA Corporation\NVIDIA NvDLISR;C:\Program Files\nodejs\;C:\Users\tandm\AppData\Local\Microsoft\WindowsApps;C:\Users\tandm\AppData\Roaming\npm;."/>
<property name="java.runtime.name" value="Java(TM) SE Runtime Environment"/>
<property name="java.runtime.version" value="1.8.0_181-b13"/>
<property name="java.specification.name" value="Java Platform API Specification"/>
<property name="java.specification.vendor" value="Oracle Corporation"/>
<property name="java.specification.version" value="1.8"/>
<property name="java.vendor" value="Oracle Corporation"/>
<property name="java.vendor.url" value="http://java.oracle.com/"/>
<property name="java.vendor.url.bug" value="http://bugreport.sun.com/bugreport/"/>
<property name="java.version" value="1.8.0_181"/>
<property name="java.vm.info" value="mixed mode"/>
<property name="java.vm.name" value="Java HotSpot(TM) 64-Bit Server VM"/>
<property name="java.vm.specification.name" value="Java Virtual Machine Specification"/>
<property name="java.vm.specification.vendor" value="Oracle Corporation"/>
<property name="java.vm.specification.version" value="1.8"/>
<property name="java.vm.vendor" value="Oracle Corporation"/>
<property name="java.vm.version" value="25.181-b13"/>
<property name="line.separator" value="
"/>
<property name="os.arch" value="amd64"/>
<property name="os.name" value="Windows 10"/>
<property name="os.version" value="10.0"/>
<property name="path.separator" value=";"/>
<property name="sun.arch.data.model" value="64"/>
<property name="sun.boot.class.path" value="D:\Java\JDK_1.8_181\jre\lib\resources.jar;D:\Java\JDK_1.8_181\jre\lib\rt.jar;D:\Java\JDK_1.8_181\jre\lib\sunrsasign.jar;D:\Java\JDK_1.8_181\jre\lib\jsse.jar;D:\Java\JDK_1.8_181\jre\lib\jce.jar;D:\Java\JDK_1.8_181\jre\lib\charsets.jar;D:\Java\JDK_1.8_181\jre\lib\jfr.jar;D:\Java\JDK_1.8_181\jre\classes"/>
<property name="sun.boot.library.path" value="D:\Java\JDK_1.8_181\jre\bin"/>
<property name="sun.cpu.endian" value="little"/>
<property name="sun.cpu.isalist" value="amd64"/>
<property name="sun.desktop" value="windows"/>
<property name="sun.io.unicode.encoding" value="UnicodeLittle"/>
<property name="sun.java.command" value="org.junit.platform.console.ConsoleLauncher --details NONE --scan-class-path D:\tandm\Documents\Projects\NewmanRunner\postmanrunner\build\classes\java\main;D:\tandm\Documents\Projects\NewmanRunner\postmanrunner\build\classes\kotlin\main;D:\tandm\Documents\Projects\NewmanRunner\postmanrunner\build\resources\main;D:\tandm\Documents\Projects\NewmanRunner\postmanrunner\build\classes\java\test;D:\tandm\Documents\Projects\NewmanRunner\postmanrunner\build\classes\kotlin\test;D:\tandm\Documents\Projects\NewmanRunner\postmanrunner\build\resources\test -n ^.*Tests?$ --reports-dir D:\tandm\Documents\Projects\NewmanRunner\postmanrunner\build\test-results\junit-platform"/>
<property name="sun.java.launcher" value="SUN_STANDARD"/>
<property name="sun.jnu.encoding" value="Cp1252"/>
<property name="sun.management.compiler" value="HotSpot 64-Bit Tiered Compilers"/>
<property name="sun.os.patch.level" value=""/>
<property name="user.country" value="US"/>
<property name="user.dir" value="D:\tandm\Documents\Projects\NewmanRunner\postmanrunner"/>
<property name="user.home" value="C:\Users\tandm"/>
<property name="user.language" value="en"/>
<property name="user.name" value="tandm"/>
<property name="user.script" value=""/>
<property name="user.timezone" value="America/New_York"/>
<property name="user.variant" value=""/>
</properties>
<system-out><![CDATA[
unique-id: [engine:junit-jupiter]
display-name: JUnit Jupiter
]]></system-out>
</testsuite>
